[    1436ms] [INFO] %cDownload the React DevTools for a better development experience: https://react.dev/link/react-devtools font-weight:bold @ http://localhost:3000/_next/static/chunks/1wmt_next_dist_0orijmo._.js:2477
[    1469ms] [LOG] [HMR] connected @ http://localhost:3000/_next/static/chunks/1wmt_next_dist_0orijmo._.js:2477
[  229624ms] [LOG] [Fast Refresh] rebuilding @ http://localhost:3000/_next/static/chunks/1wmt_next_dist_0orijmo._.js:2477
[  229665ms] [LOG] [Fast Refresh] done in 33ms @ http://localhost:3000/_next/static/chunks/1wmt_next_dist_0orijmo._.js:2477
[  274248ms] [INFO] %cDownload the React DevTools for a better development experience: https://react.dev/link/react-devtools font-weight:bold @ http://localhost:3000/_next/static/chunks/1wmt_next_dist_0orijmo._.js:2477
[  274260ms] [LOG] [HMR] connected @ http://localhost:3000/_next/static/chunks/1wmt_next_dist_0orijmo._.js:2477
[  506053ms] [LOG] [Fast Refresh] rebuilding @ http://localhost:3000/_next/static/chunks/1wmt_next_dist_0orijmo._.js:2477
[  506106ms] [LOG] [Fast Refresh] done in 31ms @ http://localhost:3000/_next/static/chunks/1wmt_next_dist_0orijmo._.js:2477
[  524730ms] [INFO] %cDownload the React DevTools for a better development experience: https://react.dev/link/react-devtools font-weight:bold @ http://localhost:3000/_next/static/chunks/1wmt_next_dist_0orijmo._.js:2477
[  524741ms] [LOG] [HMR] connected @ http://localhost:3000/_next/static/chunks/1wmt_next_dist_0orijmo._.js:2477
[ 1206227ms] [LOG] [Fast Refresh] rebuilding @ http://localhost:3000/_next/static/chunks/1wmt_next_dist_0orijmo._.js:2477
[ 1206273ms] [LOG] [Fast Refresh] done in 21ms @ http://localhost:3000/_next/static/chunks/1wmt_next_dist_0orijmo._.js:2477
[ 1206343ms] [LOG] [Fast Refresh] rebuilding @ http://localhost:3000/_next/static/chunks/1wmt_next_dist_0orijmo._.js:2477
[ 1206453ms] [ERROR] Failed to load resource: the server responded with a status of 404 (Not Found) @ http://localhost:3000/?_rsc=q3mOO9BClNZHexY7:0
[ 1206458ms] [LOG] [Fast Refresh] done in 110ms @ http://localhost:3000/_next/static/chunks/1wmt_next_dist_0orijmo._.js:2477
[ 1206571ms] [LOG] [Fast Refresh] rebuilding @ http://localhost:3000/_next/static/chunks/1wmt_next_dist_0orijmo._.js:2477
[ 1206669ms] [LOG] [Fast Refresh] done in 197ms @ http://localhost:3000/_next/static/chunks/1wmt_next_dist_0orijmo._.js:2477
[ 1206896ms] [INFO] %cDownload the React DevTools for a better development experience: https://react.dev/link/react-devtools font-weight:bold @ http://localhost:3000/_next/static/chunks/1wmt_next_dist_0orijmo._.js:2477
[ 1206911ms] [LOG] [HMR] connected @ http://localhost:3000/_next/static/chunks/1wmt_next_dist_0orijmo._.js:2477
[ 1725695ms] [LOG] [HMR] connected @ http://localhost:3000/_next/static/chunks/1wmt_next_dist_0orijmo._.js:2477
[ 2457743ms] [LOG] [Fast Refresh] rebuilding @ http://localhost:3000/_next/static/chunks/1wmt_next_dist_0orijmo._.js:2477
[ 2457809ms] [LOG] [Fast Refresh] done in 16ms @ http://localhost:3000/_next/static/chunks/1wmt_next_dist_0orijmo._.js:2477
